<?xml version="1.0" encoding="UTF-8"?>
<!-- Generated by org.testng.reporters.JUnitXMLReporter -->
<testsuite hostname="LAPTOP-MNGGAL0E" ignored="0" name="Surefire test" tests="4" failures="0" timestamp="2020-11-22T21:18:01 ICT" time="0.043" errors="0">
  <testcase name="IOSApps on IOSApps(org.example.AppiumTest)" time="0.011" classname="org.example.AppiumTest"/>
  <testcase name="nativeAppAndroid on nativeAppAndroid(org.example.AppiumTest)" time="0.011" classname="org.example.AppiumTest"/>
  <testcase name="deleteTwitter on deleteTwitter(org.example.RESTApiTest)" time="0.0" classname="org.example.RESTApiTest"/>
  <testcase name="postJIRA on postJIRA(org.example.RESTApiTest)" time="0.001" classname="org.example.RESTApiTest"/>
</testsuite> <!-- Surefire test -->
