<?xml version="1.0" encoding="UTF-8"?>
<testng-results skipped="0" failed="0" ignored="0" total="2" passed="2">
  <reporter-output>
  </reporter-output>
  <suite name="Surefire suite" duration-ms="29" started-at="2020-11-22T21:18:01 ICT" finished-at="2020-11-22T21:18:01 ICT">
    <groups>
    </groups>
    <test name="Surefire test" duration-ms="29" started-at="2020-11-22T21:18:01 ICT" finished-at="2020-11-22T21:18:01 ICT">
      <class name="org.example.SeleniumTest">
        <test-method status="PASS" signature="BrowserAutomation()[pri:0, instance:org.example.SeleniumTest@1e127982]" name="BrowserAutomation" duration-ms="4" started-at="2020-11-22T21:18:01 ICT" finished-at="2020-11-22T21:18:01 ICT">
          <reporter-output>
          </reporter-output>
        </test-method> <!-- BrowserAutomation -->
        <test-method status="PASS" signature="elementsUI()[pri:0, instance:org.example.SeleniumTest@1e127982]" name="elementsUI" duration-ms="0" started-at="2020-11-22T21:18:01 ICT" finished-at="2020-11-22T21:18:01 ICT">
          <reporter-output>
          </reporter-output>
        </test-method> <!-- elementsUI -->
      </class> <!-- org.example.SeleniumTest -->
    </test> <!-- Surefire test -->
  </suite> <!-- Surefire suite -->
</testng-results>
