<?xml version="1.0" encoding="UTF-8"?>
<testng-results skipped="0" failed="0" ignored="0" total="4" passed="4">
  <reporter-output>
  </reporter-output>
  <suite name="Surefire suite" duration-ms="43" started-at="2020-11-22T21:18:01 ICT" finished-at="2020-11-22T21:18:01 ICT">
    <groups>
    </groups>
    <test name="Surefire test" duration-ms="43" started-at="2020-11-22T21:18:01 ICT" finished-at="2020-11-22T21:18:01 ICT">
      <class name="org.example.AppiumTest">
        <test-method status="PASS" signature="nativeAppAndroid()" name="nativeAppAndroid" duration-ms="11" started-at="2020-11-22T21:18:01 ICT" finished-at="2020-11-22T21:18:01 ICT">
          <reporter-output>
          </reporter-output>
        </test-method> <!-- nativeAppAndroid -->
        <test-method status="PASS" signature="IOSApps()" name="IOSApps" duration-ms="11" started-at="2020-11-22T21:18:01 ICT" finished-at="2020-11-22T21:18:01 ICT">
          <reporter-output>
          </reporter-output>
        </test-method> <!-- IOSApps -->
      </class> <!-- org.example.AppiumTest -->
      <class name="org.example.RESTApiTest">
        <test-method status="PASS" signature="deleteTwitter()" name="deleteTwitter" duration-ms="0" started-at="2020-11-22T21:18:01 ICT" finished-at="2020-11-22T21:18:01 ICT">
          <reporter-output>
          </reporter-output>
        </test-method> <!-- deleteTwitter -->
        <test-method status="PASS" signature="postJIRA()" name="postJIRA" duration-ms="1" started-at="2020-11-22T21:18:01 ICT" finished-at="2020-11-22T21:18:01 ICT">
          <reporter-output>
          </reporter-output>
        </test-method> <!-- postJIRA -->
      </class> <!-- org.example.RESTApiTest -->
    </test> <!-- Surefire test -->
  </suite> <!-- Surefire suite -->
</testng-results>
